
> vibe-generated-app@1.0.0 dev
> vite


  VITE v5.4.20  ready in 483 ms

  ➜  Local:   http://localhost:3000/
  ➜  Network: http://172.20.48.96:3000/
Error:   Failed to scan for dependencies from entries:
  /home/workspace/src/App.jsx
/home/workspace/src/Test.jsx
/home/workspace/src/main.jsx

  [31m✘ [41;31m[[41;97mERROR[41;31m][0m [1mExpected ";" but found "n"[0m

    src/App.jsx:78:32:
[37m      78 │   const createProduct = async ()[32mn[37m  => {
         │                                 [32m^[37m
         ╵                                 [32m;[0m


    at failureErrorWithLog (/home/workspace/node_modules/esbuild/lib/main.js:1472:15)
    at /home/workspace/node_modules/esbuild/lib/main.js:945:25
    at runOnEndCallbacks (/home/workspace/node_modules/esbuild/lib/main.js:1315:45)
    at buildResponseToResult (/home/workspace/node_modules/esbuild/lib/main.js:943:7)
    at /home/workspace/node_modules/esbuild/lib/main.js:955:9
    at new Promise (<anonymous>)
    at requestCallbacks.on-end (/home/workspace/node_modules/esbuild/lib/main.js:954:54)
    at handleRequest (/home/workspace/node_modules/esbuild/lib/main.js:647:17)
    at handleIncomingPacket (/home/workspace/node_modules/esbuild/lib/main.js:672:7)
    at Socket.readFromStdout (/home/workspace/node_modules/esbuild/lib/main.js:600:7)
8:57:18 PM [vite] Pre-transform error: Transform failed with 1 error:
/home/workspace/src/App.jsx:78:32: ERROR: Expected ";" but found "n"
